<?xml version="1.0" encoding="UTF-8"?>
<!-- Generated by org.testng.reporters.JUnitReportReporter -->
<testsuite hostname="DESKTOP-0AAQTU0" failures="0" tests="4" name="com.parallel.ParallelTest" time="13.343" errors="0" timestamp="2022-09-05T00:11:45 EDT" skipped="0">
  <testcase classname="com.parallel.ParallelTest" name="launchChrome" time="3.761"/>
  <system-out/>
  <testcase classname="com.parallel.ParallelTest" name="launchFirefox" time="5.849"/>
  <system-out/>
  <testcase classname="com.parallel.ParallelTest" name="tryFacebook2" time="2.161"/>
  <system-out/>
  <testcase classname="com.parallel.ParallelTest" name="tryFacebook1" time="1.572"/>
  <system-out/>
</testsuite> <!-- com.parallel.ParallelTest -->
